<?xml version="1.0" encoding="UTF-8"?>
<!-- Generated by org.testng.reporters.JUnitXMLReporter -->
<testsuite ignored="0" hostname="LAPTOP-04ECVRH3" failures="2" tests="2" name="Test" time="50.402" errors="0" timestamp="2024-08-18T19:16:21 IST">
  <testcase classname="com.WebAutomation.TestScripts.LoginWithMultipleTestData" name="validateLoginTest" time="8.634">
    <failure type="java.lang.AssertionError" message="The following asserts failed:
	expected [CheckTitle] but found [Login]">
      <![CDATA[java.lang.AssertionError: The following asserts failed:
expected [CheckTitle] but found [Login]
at com.WebAutomation.TestScripts.LoginWithMultipleTestData.validateLoginTest(LoginWithMultipleTestData.java:26)
at java.base/java.util.ArrayList.forEach(ArrayList.java:1597)
... Removed 27 stack frames]]>
    </failure>
  </testcase> <!-- validateLoginTest -->
  <testcase classname="com.WebAutomation.TestScripts.LoginWithMultipleTestData" name="validateLoginTest" time="5.869">
    <failure type="java.lang.AssertionError" message="The following asserts failed:
	expected [CheckTitle] but found [Login]">
      <![CDATA[java.lang.AssertionError: The following asserts failed:
expected [CheckTitle] but found [Login]
at com.WebAutomation.TestScripts.LoginWithMultipleTestData.validateLoginTest(LoginWithMultipleTestData.java:26)
at java.base/java.util.ArrayList.forEach(ArrayList.java:1597)
... Removed 27 stack frames]]>
    </failure>
  </testcase> <!-- validateLoginTest -->
</testsuite> <!-- Test -->
